<?xml version="1.0" encoding="UTF-8"?>
<testsuite xmlns:xsi="http://www.w3.org/2001/XMLSchema-instance" xsi:noNamespaceSchemaLocation="https://maven.apache.org/surefire/maven-surefire-plugin/xsd/surefire-test-report-3.0.xsd" version="3.0" name="PersonTest" time="0.056" tests="5" errors="0" skipped="0" failures="0">
  <properties>
[...]
</properties>
  <testcase name="testInvalidPersonID" classname="PersonTest" time="0.025">
    <system-out><![CDATA[Person ID must be exactly 10 characters long.
Add person failed: Invalid PersonID for '56s_d%&f'.
]]></system-out>
  </testcase>
  <testcase name="testGetters" classname="PersonTest" time="0.003"/>
  <testcase name="testInvalidBirthdate" classname="PersonTest" time="0.004">
    <system-out><![CDATA[Birthdate must follow the format: DD-MM-YYYY.
Add person failed: Invalid Birthdate for '56s_d%&fAB'. Birthdate: '15/11/1990'.
]]></system-out>
  </testcase>
  <testcase name="testInvalidAddress" classname="PersonTest" time="0.001">
    <system-out><![CDATA[The State must be Victoria.
Add person failed: Invalid Address for '56s_d%&fAB'. Address: '32|Highland Street|Melbourne|NSW|Australia'.
]]></system-out>
  </testcase>
  <testcase name="testValidPerson" classname="PersonTest" time="0.003">
    <system-out><![CDATA[Person added successfully to persons.txt: ID 56s_d%&fAB
]]></system-out>
  </testcase>
</testsuite>